<?xml version="1.0" encoding="UTF-8"?>
<!-- Generated by org.testng.reporters.JUnitXMLReporter -->
<testsuite ignored="2" hostname="DESKTOP-61ES4FM" failures="0" tests="2" name="Regression1" time="84.22" errors="0" timestamp="2023-01-13T04:42:58 EET">
  <testcase classname="Tests.Scenario1Test" name="sc1" time="35.441"/>
  <testcase classname="Tests.Scenario2Test" name="sc2" time="37.179"/>
  <testcase classname="Tests.TestsBase" name="@BeforeTest openUrl" time="0.0">
    <ignored/>
  </testcase> <!-- @BeforeTest openUrl -->
  <testcase classname="Tests.TestsBase" name="@AfterTest CloseDriver" time="0.0">
    <ignored/>
  </testcase> <!-- @AfterTest CloseDriver -->
</testsuite> <!-- Regression1 -->
