<?xml version="1.0" encoding="UTF-8"?>
<testng-results ignored="2" total="4" passed="2" failed="0" skipped="0">
  <reporter-output>
  </reporter-output>
  <suite started-at="2023-01-13T04:41:34 EET" name="Suite1" finished-at="2023-01-13T04:42:58 EET" duration-ms="84220">
    <groups>
    </groups>
    <test started-at="2023-01-13T04:41:34 EET" name="Regression1" finished-at="2023-01-13T04:42:58 EET" duration-ms="84220">
      <class name="Tests.Scenario1Test">
        <test-method is-config="true" signature="openUrl()[pri:0, instance:Tests.Scenario1Test@78e4deb0]" started-at="2023-01-13T04:41:34 EET" name="openUrl" finished-at="2023-01-13T04:41:45 EET" duration-ms="11171" status="PASS">
          <reporter-output>
          </reporter-output>
        </test-method> <!-- openUrl -->
        <test-method signature="sc1()[pri:0, instance:Tests.Scenario1Test@78e4deb0]" started-at="2023-01-13T04:41:45 EET" name="sc1" finished-at="2023-01-13T04:42:20 EET" duration-ms="35441" status="PASS">
          <reporter-output>
          </reporter-output>
        </test-method> <!-- sc1 -->
        <test-method is-config="true" signature="CloseDriver()[pri:0, instance:Tests.Scenario1Test@78e4deb0]" started-at="2023-01-13T04:42:57 EET" name="CloseDriver" finished-at="2023-01-13T04:42:58 EET" duration-ms="381" status="PASS">
          <reporter-output>
          </reporter-output>
        </test-method> <!-- CloseDriver -->
      </class> <!-- Tests.Scenario1Test -->
      <class name="Tests.Scenario2Test">
        <test-method signature="sc2()[pri:0, instance:Tests.Scenario2Test@7674f035]" started-at="2023-01-13T04:42:20 EET" name="sc2" finished-at="2023-01-13T04:42:57 EET" duration-ms="37179" status="PASS">
          <reporter-output>
          </reporter-output>
        </test-method> <!-- sc2 -->
      </class> <!-- Tests.Scenario2Test -->
    </test> <!-- Regression1 -->
  </suite> <!-- Suite1 -->
</testng-results>
